================================================================================
PostgreSQL
Timestamp: 2017-06-07 17:12:50.366662
Status: Success!
----------------------------------------

Logs
README.md
icons
log.log
modules
settings
start_app.py
test.py
================================================================================


================================================================================
PostgreSQL
Timestamp: 2017-06-07 17:12:54.858267
Status: Success!
----------------------------------------

Logs
README.md
icons
log.log
modules
settings
start_app.py
test.py
================================================================================


================================================================================
Dialect: postgresqlObject: some table
Timestamp: 2017-06-07 17:19:37.618029
Status: Success!
----------------------------------------

Logs
README.md
icons
log.log
modules
settings
start_app.py
test.py
================================================================================


================================================================================
Dialect: postgresql
Object: some table
Timestamp: 2017-06-07 17:21:43.059100
Status: Success!
----------------------------------------

Logs
README.md
icons
log.log
modules
settings
start_app.py
test.py
================================================================================


================================================================================
Dialect: postgresql
Object: database1.schema1.table1
Timestamp: 2017-06-07 17:28:42.593217
Status: Error! Code is 127
----------------------------------------

================================================================================


================================================================================
Dialect: postgresql
Object: database1.schema1.table4
Timestamp: 2017-06-07 17:28:42.600841
Status: Error! Code is 127
----------------------------------------

================================================================================


================================================================================
Dialect: postgresql
Object: database1.schema1.table1
Timestamp: 2017-06-07 17:32:20.046183
Status: Error! Code is 127
----------------------------------------

================================================================================


================================================================================
Dialect: postgresql
Object: database1.schema1.table1
Timestamp: 2017-06-07 17:35:18.803994
Status: Error! Code is 127
----------------------------------------

================================================================================


================================================================================
Dialect: postgresql
Object: database1.schema1.table1
Timestamp: 2017-06-07 17:35:39.474465
Status: Error! Code is 127
----------------------------------------

================================================================================


================================================================================
Dialect: postgresql
Object: database1.schema1.table4
Timestamp: 2017-06-07 17:35:39.481224
Status: Error! Code is 127
----------------------------------------

================================================================================


================================================================================
Dialect: postgresql
Object: database1.schema1.table1
Timestamp: 2017-06-07 17:38:34.962653
Status: Error! Code is 127
----------------------------------------

================================================================================


================================================================================
Dialect: postgresql
Object: database1.schema1.table1
Timestamp: 2017-06-07 17:39:47.837690
Status: Error! Code is 127
----------------------------------------

================================================================================


================================================================================
Dialect: postgresql
Object: database1.schema3.table5
Timestamp: 2017-06-07 17:47:10.123696
Status: Fail! Error code is 127
Error text: /bin/sh: path/to/pgdump.exe: No such file or directory

----------------------------------------

================================================================================


================================================================================
Dialect: postgresql
Object: database1.schema1.table6
Timestamp: 2017-06-07 17:49:56.289104
Status: Fail!
		Error code: 127
		Error text: "/bin/sh: path/to/pgdump.exe: No such file or directory
"
----------------------------------------

================================================================================


================================================================================
Dialect: postgresql
Object: database1.schema1.table7
Timestamp: 2017-06-07 17:49:56.295708
Status: Fail!
		Error code: 127
		Error text: "/bin/sh: path/to/pgdump.exe: No such file or directory
"
----------------------------------------

================================================================================


================================================================================
Dialect: postgresql
Object: database1.schema1.table6
Timestamp: 2017-06-07 17:50:03.006077
Status: Fail!
		Error code: 127
		Error text: "/bin/sh: path/to/pgdump.exe: No such file or directory
"
----------------------------------------

================================================================================


================================================================================
Dialect: postgresql
Object: database1.schema1.table7
Timestamp: 2017-06-07 17:50:03.012173
Status: Fail!
		Error code: 127
		Error text: "/bin/sh: path/to/pgdump.exe: No such file or directory
"
----------------------------------------

================================================================================


================================================================================
Dialect: postgresql
Object: database1.schema1.table2
Timestamp: 2017-06-07 17:54:47.834196
Status: Fail!
		Error code: 127
		Error text: /bin/sh: path/to/pgdump.exe: No such file or directory

----------------------------------------

================================================================================


================================================================================
Dialect: postgresql
Object: database1.schema1.table4
Timestamp: 2017-06-07 17:54:47.840811
Status: Fail!
		Error code: 127
		Error text: /bin/sh: path/to/pgdump.exe: No such file or directory

----------------------------------------

================================================================================


================================================================================
Dialect: postgresql
Object: database1.schema1.table5
Timestamp: 2017-06-07 17:54:47.846842
Status: Fail!
		Error code: 127
		Error text: /bin/sh: path/to/pgdump.exe: No such file or directory

----------------------------------------

================================================================================


================================================================================
Dialect: postgresql
Object: database1.schema3.table5
Timestamp: 2017-06-07 18:31:04.544713
Status: Fail!
		Error code: 127
		Error text: /bin/sh: path/to/pgdump.exe: No such file or directory

----------------------------------------

================================================================================


